<?xml version="1.0" encoding="UTF-8"?>
<!-- Generated by org.testng.reporters.JUnitReportReporter -->
<testsuite skipped="0" hostname="DESKTOP-2AIOONT" name="Academy.validatingnavigationbar" tests="1" failures="0" timestamp="09 Mar 2019 21:11:36 GMT" time="9.697" errors="0">
  <testcase name="homepagenavigation" time="9.697" classname="Academy.validatingnavigationbar"/>
</testsuite> <!-- Academy.validatingnavigationbar -->
