<?xml version="1.0" encoding="UTF-8"?>
<!-- Generated by org.testng.reporters.JUnitReportReporter -->
<testsuite skipped="0" hostname="DESKTOP-2AIOONT" name="Academy.homepage" tests="2" failures="0" timestamp="09 Mar 2019 21:11:36 GMT" time="25.147" errors="0">
  <testcase name="homepagenavigation" time="12.468" classname="Academy.homepage"/>
  <testcase name="homepagenavigation" time="12.679" classname="Academy.homepage"/>
</testsuite> <!-- Academy.homepage -->
