<?xml version="1.0" encoding="UTF-8"?>
<!-- Generated by org.testng.reporters.JUnitReportReporter -->
<testsuite skipped="0" hostname="DESKTOP-2AIOONT" name="Academy.validatingtitle" tests="1" failures="0" timestamp="09 Mar 2019 21:11:36 GMT" time="8.390" errors="0">
  <testcase name="homepagenavigation" time="8.390" classname="Academy.validatingtitle"/>
</testsuite> <!-- Academy.validatingtitle -->
