<?xml version="1.0" encoding="UTF-8"?>
<!-- Generated by org.testng.reporters.JUnitReportReporter -->
<testsuite skipped="0" hostname="DESKTOP-2AIOONT" name="Academy.validatingnavigationbar" tests="1" failures="0" timestamp="09 Mar 2019 00:25:38 GMT" time="11.824" errors="0">
  <testcase name="homepagenavigation" time="11.824" classname="Academy.validatingnavigationbar"/>
</testsuite> <!-- Academy.validatingnavigationbar -->
