<?xml version="1.0" encoding="UTF-8"?>
<!-- Generated by org.testng.reporters.JUnitReportReporter -->
<testsuite skipped="0" hostname="DESKTOP-2AIOONT" name="Academy.homepage" tests="2" failures="0" timestamp="09 Mar 2019 00:25:38 GMT" time="37.842" errors="0">
  <testcase name="homepagenavigation" time="18.706" classname="Academy.homepage"/>
  <testcase name="homepagenavigation" time="19.136" classname="Academy.homepage"/>
</testsuite> <!-- Academy.homepage -->
